{
  "RSpec": {
    "coverage": {
      "/home/roshita/Documents/projects/jyaasa_inventory/spec/controllers/admin/items_controller_spec.rb": [
        null,
        null,
        1
      ],
      "/home/roshita/Documents/projects/jyaasa_inventory/spec/controllers/admin/vendors_controller_spec.rb": [
        null,
        null,
        1,
        null,
        1,
        1,
        5,
        1,
        4,
        null,
        null,
        1,
        1,
        1,
        1,
        null,
        null,
        null,
        1,
        1,
        1,
        1,
        null,
        null,
        null,
        1,
        1,
        null,
        null,
        null,
        null,
        null,
        null,
        1,
        1,
        1,
        1,
        null,
        null,
        null,
        1,
        1,
        1,
        null,
        null,
        null,
        null
      ],
      "/home/roshita/Documents/projects/jyaasa_inventory/spec/controllers/item_requests_controller_spec.rb": [
        null,
        null,
        1,
        null,
        1,
        3,
        null,
        1,
        1,
        1,
        1,
        1,
        null,
        null,
        null,
        null,
        null,
        1,
        1,
        1,
        1,
        null,
        null,
        null
      ],
      "/home/roshita/Documents/projects/jyaasa_inventory/app/controllers/item_requests_controller.rb": [
        null,
        null,
        null,
        1,
        1,
        1,
        0,
        0,
        null,
        null,
        1,
        0,
        0,
        0,
        0,
        0,
        0,
        null,
        0,
        null,
        null,
        null,
        1,
        0,
        null,
        null,
        1,
        0,
        0,
        null,
        null,
        1,
        null,
        1,
        0,
        null,
        null
      ],
      "/home/roshita/Documents/projects/jyaasa_inventory/spec/mailers/comment_notifier_mailer_spec.rb": [
        null,
        null,
        1,
        null,
        1,
        1,
        null
      ],
      "/home/roshita/Documents/projects/jyaasa_inventory/app/mailers/comment_notifier_mailer.rb": [
        null,
        null,
        1,
        1,
        null,
        1,
        1,
        1,
        1,
        1,
        1,
        1,
        null,
        0,
        0,
        null,
        null,
        null
      ],
      "/home/roshita/Documents/projects/jyaasa_inventory/app/mailers/application_mailer.rb": [
        null,
        null,
        1,
        1,
        1,
        null
      ],
      "/home/roshita/Documents/projects/jyaasa_inventory/spec/mailers/item_assignment_mailer_spec.rb": [
        null,
        null,
        1,
        null,
        1,
        1,
        2,
        null,
        1,
        1,
        0,
        null,
        null,
        null
      ],
      "/home/roshita/Documents/projects/jyaasa_inventory/app/mailers/item_assignment_mailer.rb": [
        null,
        null,
        1,
        1,
        null,
        1,
        2,
        2,
        2,
        2,
        null,
        null
      ],
      "/home/roshita/Documents/projects/jyaasa_inventory/spec/mailers/item_request_notifier_mailer_spec.rb": [
        null,
        null,
        1,
        null,
        1,
        1,
        null
      ],
      "/home/roshita/Documents/projects/jyaasa_inventory/app/mailers/item_request_notifier_mailer.rb": [
        null,
        null,
        1,
        1,
        null,
        1,
        0,
        0,
        0,
        null,
        null
      ],
      "/home/roshita/Documents/projects/jyaasa_inventory/spec/mailers/item_transfer_notifier_mailer_spec.rb": [
        null,
        null,
        1,
        null,
        1,
        1,
        null
      ],
      "/home/roshita/Documents/projects/jyaasa_inventory/app/mailers/item_transfer_notifier_mailer.rb": [
        null,
        null,
        null,
        1,
        1,
        null,
        1,
        1,
        1,
        1,
        1,
        1,
        null,
        null,
        1,
        1,
        1,
        1,
        1,
        1,
        null,
        null
      ],
      "/home/roshita/Documents/projects/jyaasa_inventory/spec/models/admin_user_spec.rb": [
        null,
        null,
        null,
        null,
        null,
        null,
        null,
        null,
        null,
        null,
        null,
        null,
        null,
        null,
        null,
        null,
        1,
        null,
        1,
        1,
        1,
        1,
        null,
        1,
        1,
        1,
        null,
        null
      ],
      "/home/roshita/Documents/projects/jyaasa_inventory/spec/models/employee_spec.rb": [
        null,
        null,
        null,
        null,
        null,
        null,
        null,
        null,
        null,
        null,
        null,
        null,
        null,
        null,
        null,
        null,
        null,
        null,
        null,
        null,
        null,
        null,
        null,
        null,
        null,
        null,
        null,
        null,
        null,
        null,
        null,
        null,
        null,
        null,
        null,
        null,
        null,
        1,
        null,
        1,
        1,
        1,
        1,
        null,
        null
      ],
      "/home/roshita/Documents/projects/jyaasa_inventory/spec/models/fixed_item_category_spec.rb": [
        null,
        null,
        null,
        null,
        null,
        null,
        null,
        null,
        null,
        null,
        null,
        null,
        null,
        null,
        1,
        null,
        1,
        1,
        1,
        1,
        null,
        null,
        1,
        1,
        1,
        null,
        null
      ],
      "/home/roshita/Documents/projects/jyaasa_inventory/spec/models/item_assignment_spec.rb": [
        null,
        null,
        null,
        null,
        null,
        null,
        null,
        null,
        null,
        null,
        null,
        null,
        null,
        null,
        null,
        null,
        null,
        null,
        null,
        null,
        1,
        null,
        1,
        1,
        1,
        1,
        null,
        null,
        1,
        1,
        1,
        null,
        null
      ],
      "/home/roshita/Documents/projects/jyaasa_inventory/spec/models/item_request_spec.rb": [
        null,
        null,
        null,
        null,
        null,
        null,
        null,
        null,
        null,
        null,
        null,
        null,
        null,
        null,
        null,
        null,
        1,
        null,
        1,
        1,
        1,
        1,
        null,
        null,
        1,
        1,
        1,
        null,
        null,
        1,
        1,
        1,
        null,
        null
      ],
      "/home/roshita/Documents/projects/jyaasa_inventory/spec/models/item_return_spec.rb": [
        null,
        null,
        null,
        null,
        null,
        null,
        null,
        null,
        null,
        null,
        null,
        null,
        null,
        null,
        null,
        1,
        null,
        1,
        1,
        1,
        1,
        null,
        null
      ],
      "/home/roshita/Documents/projects/jyaasa_inventory/spec/models/item_spec.rb": [
        null,
        null,
        null,
        null,
        null,
        null,
        null,
        null,
        null,
        null,
        null,
        null,
        null,
        null,
        null,
        null,
        null,
        null,
        null,
        null,
        null,
        null,
        null,
        1,
        null,
        1,
        1,
        1,
        1,
        null,
        1,
        1,
        1,
        null,
        null
      ],
      "/home/roshita/Documents/projects/jyaasa_inventory/spec/models/purchase_spec.rb": [
        null,
        null,
        null,
        null,
        null,
        null,
        null,
        null,
        null,
        null,
        null,
        null,
        null,
        null,
        null,
        null,
        null,
        1,
        null,
        1,
        1,
        1,
        1,
        null,
        null,
        1,
        1,
        1,
        null,
        null,
        1,
        1,
        1,
        null,
        null
      ],
      "/home/roshita/Documents/projects/jyaasa_inventory/spec/models/user_comment_spec.rb": [
        null,
        null,
        null,
        null,
        null,
        null,
        null,
        null,
        null,
        null,
        null,
        null,
        null,
        null,
        1,
        null,
        1,
        1,
        1,
        1,
        null,
        null
      ],
      "/home/roshita/Documents/projects/jyaasa_inventory/spec/models/vendor_spec.rb": [
        null,
        null,
        null,
        null,
        null,
        null,
        null,
        null,
        null,
        null,
        null,
        null,
        1,
        null,
        1,
        1,
        1,
        1,
        null,
        1,
        1,
        1,
        null,
        null
      ],
      "/home/roshita/Documents/projects/jyaasa_inventory/spec/models/withdraw_spec.rb": [
        null,
        null,
        null,
        null,
        null,
        null,
        null,
        null,
        null,
        null,
        null,
        null,
        null,
        1,
        null,
        1,
        1,
        1,
        1,
        null,
        null,
        1,
        1,
        1,
        null,
        null
      ],
      "/home/roshita/Documents/projects/jyaasa_inventory/spec/system/dashboards_spec.rb": [
        null,
        null,
        1,
        null,
        1,
        2,
        1,
        1,
        1,
        null,
        null,
        1,
        1,
        1,
        null,
        null
      ],
      "/home/roshita/Documents/projects/jyaasa_inventory/spec/system/fixed_item_category_spec.rb": [
        null,
        null,
        1,
        null,
        1,
        2,
        1,
        1,
        1,
        1,
        null,
        null,
        1,
        1,
        1,
        1,
        1,
        1,
        null,
        null
      ],
      "/home/roshita/Documents/projects/jyaasa_inventory/spec/system/fixed_item_spec.rb": [
        null,
        null,
        1,
        null,
        1,
        6,
        6,
        6,
        6,
        6,
        null,
        1,
        5,
        5,
        5,
        null,
        null,
        1,
        1,
        1,
        null,
        1,
        1,
        1,
        1,
        1,
        1,
        1,
        1,
        null,
        null,
        null,
        1,
        1,
        1,
        1,
        1,
        null,
        null,
        1,
        1,
        1,
        1,
        1,
        1,
        1,
        1,
        null,
        null,
        1,
        1,
        1,
        1,
        1,
        1,
        1,
        1,
        null,
        null,
        1,
        1,
        1,
        1,
        1,
        1,
        1,
        1,
        null,
        null
      ],
      "/home/roshita/Documents/projects/jyaasa_inventory/spec/system/item_assignments_spec.rb": [
        null,
        null,
        1,
        null,
        1,
        2,
        2,
        2,
        2,
        null,
        1,
        1,
        1,
        1,
        null,
        null,
        1,
        1,
        1,
        1,
        1,
        1,
        1,
        1,
        null,
        null
      ],
      "/home/roshita/Documents/projects/jyaasa_inventory/spec/system/item_requests_spec.rb": [
        null,
        null,
        1,
        null,
        1,
        5,
        5,
        5,
        5,
        null,
        1,
        4,
        4,
        4,
        null,
        null,
        1,
        1,
        1,
        1,
        1,
        null,
        null,
        1,
        1,
        1,
        1,
        1,
        null,
        null,
        1,
        1,
        1,
        1,
        1,
        null,
        null,
        1,
        1,
        1,
        null,
        null
      ],
      "/home/roshita/Documents/projects/jyaasa_inventory/spec/system/item_returns_spec.rb": [
        null,
        null,
        1,
        null,
        1,
        3,
        3,
        3,
        3,
        3,
        null,
        1,
        2,
        2,
        2,
        null,
        null,
        1,
        1,
        1,
        1,
        1,
        1,
        null,
        null,
        1,
        1,
        1,
        1,
        1,
        1,
        null,
        null
      ],
      "/home/roshita/Documents/projects/jyaasa_inventory/spec/system/item_transfers_spec.rb": [
        null,
        null,
        1,
        null,
        1,
        4,
        4,
        4,
        4,
        4,
        null,
        null,
        1,
        3,
        3,
        3,
        3,
        null,
        null,
        1,
        1,
        1,
        null,
        null,
        1,
        1,
        1,
        1,
        1,
        1,
        null,
        null,
        1,
        1,
        1,
        1,
        1,
        1,
        null,
        null
      ],
      "/home/roshita/Documents/projects/jyaasa_inventory/spec/system/non_fixed_item_category_spec.rb": [
        null,
        null,
        1,
        null,
        1,
        2,
        1,
        1,
        1,
        1,
        null,
        null,
        1,
        1,
        1,
        1,
        1,
        1,
        null,
        null
      ],
      "/home/roshita/Documents/projects/jyaasa_inventory/spec/system/non_fixed_item_spec.rb": [
        null,
        null,
        1,
        null,
        1,
        5,
        5,
        5,
        null,
        1,
        4,
        4,
        4,
        null,
        null,
        1,
        1,
        1,
        null,
        1,
        1,
        1,
        1,
        1,
        1,
        null,
        null,
        null,
        1,
        1,
        1,
        1,
        1,
        null,
        null,
        1,
        1,
        1,
        1,
        1,
        1,
        1,
        null,
        null,
        1,
        1,
        1,
        1,
        1,
        1,
        1,
        null,
        null
      ]
    },
    "timestamp": 1573194427
  }
}
